<?xml version="1.0" encoding="UTF-8"?>
<!-- Generated by org.testng.reporters.JUnitReportReporter -->
<testsuite skipped="0" hostname="dell-PC" name="testng7.features.TimeoutFailure" tests="1" failures="0" timestamp="2019-08-21T15:41:37 IST" time="2.041" errors="1">
  <testcase name="login" time="2.041" classname="testng7.features.TimeoutFailure">
    <error type="org.testng.internal.thread.ThreadTimeoutException" message="Method testng7.features.TimeoutFailure.login() didn&#039;t finish within the time-out 2000">
      <![CDATA[org.testng.internal.thread.ThreadTimeoutException: Method testng7.features.TimeoutFailure.login() didn't finish within the time-out 2000
at java.net.NetworkInterface.getAll(Native Method)
at java.net.NetworkInterface.getNetworkInterfaces(Unknown Source)
at javax.crypto.JarVerifier.addNetworkAdapterInfo(JarVerifier.java:883)
at javax.crypto.JarVerifier.getSystemEntropy(JarVerifier.java:824)
at javax.crypto.JarVerifier.testSignatures(JarVerifier.java:744)
at javax.crypto.JarVerifier.access$400(JarVerifier.java:37)
at javax.crypto.JarVerifier$1.run(JarVerifier.java:222)
at javax.crypto.JarVerifier$1.run(JarVerifier.java:187)
at java.security.AccessController.doPrivileged(Native Method)
at javax.crypto.JarVerifier.<clinit>(JarVerifier.java:186)
at javax.crypto.JceSecurity.loadPolicies(JceSecurity.java:378)
at javax.crypto.JceSecurity.setupJurisdictionPolicies(JceSecurity.java:323)
at javax.crypto.JceSecurity.access$000(JceSecurity.java:50)
at javax.crypto.JceSecurity$1.run(JceSecurity.java:85)
at java.security.AccessController.doPrivileged(Native Method)
at javax.crypto.JceSecurity.<clinit>(JceSecurity.java:82)
at javax.crypto.JceSecurityManager.<clinit>(JceSecurityManager.java:65)
at javax.crypto.Cipher.getConfiguredPermission(Cipher.java:2586)
at javax.crypto.Cipher.getMaxAllowedKeyLength(Cipher.java:2610)
at sun.security.ssl.CipherSuite$BulkCipher.isUnlimited(Unknown Source)
at sun.security.ssl.CipherSuite$BulkCipher.<init>(Unknown Source)
at sun.security.ssl.CipherSuite.<clinit>(Unknown Source)
at sun.security.ssl.SSLContextImpl.getApplicableCipherSuiteList(Unknown Source)
at sun.security.ssl.SSLContextImpl.access$100(Unknown Source)
at sun.security.ssl.SSLContextImpl$AbstractTLSContext.<clinit>(Unknown Source)
at java.lang.Class.forName0(Native Method)
at java.lang.Class.forName(Unknown Source)
at java.security.Provider$Service.getImplClass(Unknown Source)
at java.security.Provider$Service.newInstance(Unknown Source)
at sun.security.jca.GetInstance.getInstance(Unknown Source)
at sun.security.jca.GetInstance.getInstance(Unknown Source)
at javax.net.ssl.SSLContext.getInstance(Unknown Source)
at okhttp3.internal.platform.Platform.getSSLContext(Platform.java:281)
at okhttp3.OkHttpClient.newSslSocketFactory(OkHttpClient.java:282)
at okhttp3.OkHttpClient.<init>(OkHttpClient.java:249)
at okhttp3.OkHttpClient$Builder.build(OkHttpClient.java:927)
at org.openqa.selenium.remote.internal.OkHttpClient$Factory$1.createClient(OkHttpClient.java:158)
at org.openqa.selenium.remote.http.HttpClient$Factory.createClient(HttpClient.java:82)
at org.openqa.selenium.remote.HttpCommandExecutor.<init>(HttpCommandExecutor.java:89)
at org.openqa.selenium.remote.HttpCommandExecutor.<init>(HttpCommandExecutor.java:72)
at org.openqa.selenium.remote.service.DriverCommandExecutor.<init>(DriverCommandExecutor.java:63)
at org.openqa.selenium.chrome.ChromeDriverCommandExecutor.<init>(ChromeDriverCommandExecutor.java:46)
at org.openqa.selenium.chrome.ChromeDriver.<init>(ChromeDriver.java:181)
at org.openqa.selenium.chrome.ChromeDriver.<init>(ChromeDriver.java:168)
at org.openqa.selenium.chrome.ChromeDriver.<init>(ChromeDriver.java:123)
at testng7.features.TimeoutFailure.login(TimeoutFailure.java:12)
at sun.reflect.NativeMethodAccessorImpl.invoke0(Native Method)
at sun.reflect.NativeMethodAccessorImpl.invoke(Unknown Source)
at sun.reflect.DelegatingMethodAccessorImpl.invoke(Unknown Source)
at java.lang.reflect.Method.invoke(Unknown Source)
at org.testng.internal.MethodInvocationHelper.invokeMethod(MethodInvocationHelper.java:133)
at org.testng.internal.InvokeMethodRunnable.runOne(InvokeMethodRunnable.java:51)
at org.testng.internal.InvokeMethodRunnable.run(InvokeMethodRunnable.java:41)
at java.util.concurrent.Executors$RunnableAdapter.call(Unknown Source)
at java.util.concurrent.FutureTask.run(Unknown Source)
at java.util.concurrent.ThreadPoolExecutor.runWorker(Unknown Source)
at java.util.concurrent.ThreadPoolExecutor$Worker.run(Unknown Source)
at java.lang.Thread.run(Unknown Source)
]]>
    </error>
  </testcase> <!-- login -->
</testsuite> <!-- testng7.features.TimeoutFailure -->
